<?xml version="1.0" encoding="UTF-8"?>
<!-- Generated by org.testng.reporters.JUnitReportReporter -->
<testsuite hostname="LAPTOP-9A8M7TQJ" failures="0" tests="1" name="Test.CodekruTest" time="0.008" errors="0" timestamp="27 Mar 2021 10:57:14 GMT" skipped="0">
  <testcase classname="Test.CodekruTest" name="test" time="0.008"/>
</testsuite> <!-- Test.CodekruTest -->
